#-----------------------------------------------------------
# Vivado v2024.2 (64-bit)
# SW Build 5239630 on Fri Nov 08 22:35:27 MST 2024
# IP Build 5239520 on Sun Nov 10 16:12:51 MST 2024
# SharedData Build 5239561 on Fri Nov 08 14:39:27 MST 2024
# Start of session at: Wed Mar  5 22:49:34 2025
# Process ID         : 11856
# Current directory  : C:/Users/samridh/PWM_Generator_Project
# Command line       : vivado.exe -gui_launcher_event rodinguilauncherevent26156 C:\Users\samridh\PWM_Generator_Project\PWM_Generator_Project.xpr
# Log file           : C:/Users/samridh/PWM_Generator_Project/vivado.log
# Journal file       : C:/Users/samridh/PWM_Generator_Project\vivado.jou
# Running On         : PCSAM
# Platform           : Windows Server 2016 or Windows 10
# Operating System   : 26100
# Processor Detail   : Intel(R) Core(TM) i3-1005G1 CPU @ 1.20GHz
# CPU Frequency      : 1190 MHz
# CPU Physical cores : 2
# CPU Logical cores  : 4
# Host memory        : 8262 MB
# Swap memory        : 13533 MB
# Total Virtual      : 21796 MB
# Available Virtual  : 2110 MB
#-----------------------------------------------------------
start_gui
open_project C:/Users/samridh/PWM_Generator_Project/PWM_Generator_Project.xpr
INFO: [filemgmt 56-3] Default IP Output Path : Could not find the directory 'C:/Users/samridh/PWM_Generator_Project/PWM_Generator_Project.gen/sources_1'.
Scanning sources...
Finished scanning sources
INFO: [IP_Flow 19-234] Refreshing IP repositories
INFO: [IP_Flow 19-1704] No user IP repositories specified
INFO: [IP_Flow 19-2313] Loaded Vivado IP repository 'D:/xilinx/Vivado/2024.2/data/ip'.
open_project: Time (s): cpu = 00:00:16 ; elapsed = 00:00:07 . Memory (MB): peak = 1154.438 ; gain = 42.582
update_compile_order -fileset sources_1
exit
INFO: [Common 17-206] Exiting Vivado at Wed Mar  5 22:50:46 2025...
